09:28:32 **** Build of configuration Default for project SearchPoint ****
make all 
g++ -fPIC -c -std=c++0x -Wall -Wno-deprecated-declarations -g -rdynamic -DTHREADED_SRV si_ijs_searchpoint_SearchPoint.cpp -I/usr/lib/jvm/java-8-oracle/include -I/usr/lib/jvm/java-8-oracle/include/linux -I/home/lstopar/workspace/JSI/searchpoint/aiutils/SearchPoint/SearchPointSrv -I/home/lstopar/workspace/JSI/searchpoint/aiutils/SearchPoint/SearchPointSrv/../../../glib/base/ -I/home/lstopar/workspace/JSI/searchpoint/aiutils/SearchPoint/SearchPointSrv/../../../glib/net/ -I/home/lstopar/workspace/JSI/searchpoint/aiutils/SearchPoint/SearchPointSrv/../../../glib/concurrent/ -I/home/lstopar/workspace/JSI/searchpoint/aiutils/SearchPoint/SearchPointSrv/../../../glib/mine/ -fopenmp -lrt -luuid 
g++ -fPIC -shared -o libSearchPointJava.so si_ijs_searchpoint_SearchPoint.o /home/lstopar/workspace/JSI/searchpoint/aiutils/SearchPoint/SearchPointSrv/../../../glib/*.o /home/lstopar/workspace/JSI/searchpoint/aiutils/SearchPoint/SearchPointSrv/*.o /home/lstopar/workspace/JSI/searchpoint/aiutils/SearchPoint/SearchPointSrv/../../../libuv/libuv.a -I/usr/lib/jvm/java-8-oracle/include -I/usr/lib/jvm/java-8-oracle/include/linux -I/home/lstopar/workspace/JSI/searchpoint/aiutils/SearchPoint/SearchPointSrv -I/home/lstopar/workspace/JSI/searchpoint/aiutils/SearchPoint/SearchPointSrv/../../../glib/base/ -I/home/lstopar/workspace/JSI/searchpoint/aiutils/SearchPoint/SearchPointSrv/../../../glib/net/ -I/home/lstopar/workspace/JSI/searchpoint/aiutils/SearchPoint/SearchPointSrv/../../../glib/concurrent/ -I/home/lstopar/workspace/JSI/searchpoint/aiutils/SearchPoint/SearchPointSrv/../../../glib/mine/ -fopenmp -lrt -luuid
09:29:00 **** Incremental Build of configuration Default for project glib ****
make all 
make -C ../libuv
make[1]: Entering directory `/home/lstopar/workspace/JSI/searchpoint/libuv'
make[1]: `libuv.a' is up to date.
make[1]: Leaving directory `/home/lstopar/workspace/JSI/searchpoint/libuv'
rm -f glib.a
ar -cvq glib.a thread.o base.o net.o mine.o nmobj.o htmlclean.o
a - thread.o
a - base.o
a - net.o
a - mine.o
a - nmobj.o
a - htmlclean.o
09:29:01 **** Incremental Build of configuration Default for project SearchPointCpp ****
make all 
# compile glib
make -C ../../../glib
make[1]: Entering directory `/home/lstopar/workspace/JSI/searchpoint/glib'
make -C ../libuv
make[2]: Entering directory `/home/lstopar/workspace/JSI/searchpoint/libuv'
make[2]: `libuv.a' is up to date.
make[2]: Leaving directory `/home/lstopar/workspace/JSI/searchpoint/libuv'
rm -f glib.a
ar -cvq glib.a thread.o base.o net.o mine.o nmobj.o htmlclean.o
a - thread.o
a - base.o
a - net.o
a - mine.o
a - nmobj.o
a - htmlclean.o
make[1]: Leaving directory `/home/lstopar/workspace/JSI/searchpoint/glib'
# compile cpp files
g++ -fPIC -c -std=c++0x -Wall -Wno-deprecated-declarations -g -rdynamic -DTHREADED_SRV *.cpp -I../../../glib/base/ -I../../../glib/net/ -I../../../glib/mine/ -I../../../glib/misc/ -I../../../glib/concurrent/ -I../../../libuv -fopenmp -lrt -luuid
# create aminer commandline tool
g++ -o SearchPointSrv SearchPoint.o SearchPointSrv.o ../../../glib/glib.a ../../../libuv/libuv.a -fopenmp -lrt -luuid 
# create search point static library
rm -f SearchPointSrv.a
# prepare instalation directory
mkdir -p build
# move in qm commandline tool
mv ./SearchPointSrv ./build/
# copy in unicode definiton files
cp ../../../glib/bin/UnicodeDef.Bin ./build/
# copy in javascript libraries
09:29:08 **** Incremental Build of configuration Default for project SearchPoint ****
make all 
make: *** No rule to make target `all'.  Stop.
09:29:20 **** Incremental Build of configuration Default for project glib ****
make all 
make -C ../libuv
make[1]: Entering directory `/home/lstopar/workspace/JSI/searchpoint/libuv'
make[1]: `libuv.a' is up to date.
make[1]: Leaving directory `/home/lstopar/workspace/JSI/searchpoint/libuv'
rm -f glib.a
ar -cvq glib.a thread.o base.o net.o mine.o nmobj.o htmlclean.o
a - thread.o
a - base.o
a - net.o
a - mine.o
a - nmobj.o
a - htmlclean.o
09:29:21 **** Incremental Build of configuration Default for project SearchPointCpp ****
make all 
# compile glib
make -C ../../../glib
make[1]: Entering directory `/home/lstopar/workspace/JSI/searchpoint/glib'
make -C ../libuv
make[2]: Entering directory `/home/lstopar/workspace/JSI/searchpoint/libuv'
make[2]: `libuv.a' is up to date.
make[2]: Leaving directory `/home/lstopar/workspace/JSI/searchpoint/libuv'
rm -f glib.a
ar -cvq glib.a thread.o base.o net.o mine.o nmobj.o htmlclean.o
a - thread.o
a - base.o
a - net.o
a - mine.o
a - nmobj.o
a - htmlclean.o
make[1]: Leaving directory `/home/lstopar/workspace/JSI/searchpoint/glib'
# compile cpp files
g++ -fPIC -c -std=c++0x -Wall -Wno-deprecated-declarations -g -rdynamic -DTHREADED_SRV *.cpp -I../../../glib/base/ -I../../../glib/net/ -I../../../glib/mine/ -I../../../glib/misc/ -I../../../glib/concurrent/ -I../../../libuv -fopenmp -lrt -luuid
# create aminer commandline tool
g++ -o SearchPointSrv SearchPoint.o SearchPointSrv.o ../../../glib/glib.a ../../../libuv/libuv.a -fopenmp -lrt -luuid 
# create search point static library
rm -f SearchPointSrv.a
# prepare instalation directory
mkdir -p build
# move in qm commandline tool
mv ./SearchPointSrv ./build/
# copy in unicode definiton files
cp ../../../glib/bin/UnicodeDef.Bin ./build/
# copy in javascript libraries
09:29:28 **** Incremental Build of configuration Default for project SearchPoint ****
make all 
make: *** No rule to make target `all'.  Stop.
09:34:10 **** Incremental Build of configuration Default for project glib ****
make all 
make -C ../libuv
make[1]: Entering directory `/home/lstopar/workspace/JSI/searchpoint/libuv'
make[1]: `libuv.a' is up to date.
make[1]: Leaving directory `/home/lstopar/workspace/JSI/searchpoint/libuv'
rm -f glib.a
ar -cvq glib.a thread.o base.o net.o mine.o nmobj.o htmlclean.o
a - thread.o
a - base.o
a - net.o
a - mine.o
a - nmobj.o
a - htmlclean.o
09:34:11 **** Incremental Build of configuration Default for project SearchPointCpp ****
make all 
# compile glib
make -C ../../../glib
make[1]: Entering directory `/home/lstopar/workspace/JSI/searchpoint/glib'
make -C ../libuv
make[2]: Entering directory `/home/lstopar/workspace/JSI/searchpoint/libuv'
make[2]: `libuv.a' is up to date.
make[2]: Leaving directory `/home/lstopar/workspace/JSI/searchpoint/libuv'
rm -f glib.a
ar -cvq glib.a thread.o base.o net.o mine.o nmobj.o htmlclean.o
a - thread.o
a - base.o
a - net.o
a - mine.o
a - nmobj.o
a - htmlclean.o
make[1]: Leaving directory `/home/lstopar/workspace/JSI/searchpoint/glib'
# compile cpp files
g++ -fPIC -c -std=c++0x -Wall -Wno-deprecated-declarations -g -rdynamic -DTHREADED_SRV *.cpp -I../../../glib/base/ -I../../../glib/net/ -I../../../glib/mine/ -I../../../glib/misc/ -I../../../glib/concurrent/ -I../../../libuv -fopenmp -lrt -luuid
# create aminer commandline tool
g++ -o SearchPointSrv SearchPoint.o SearchPointSrv.o ../../../glib/glib.a ../../../libuv/libuv.a -fopenmp -lrt -luuid 
# create search point static library
rm -f SearchPointSrv.a
# prepare instalation directory
mkdir -p build
# move in qm commandline tool
mv ./SearchPointSrv ./build/
# copy in unicode definiton files
cp ../../../glib/bin/UnicodeDef.Bin ./build/
# copy in javascript libraries
09:34:18 **** Incremental Build of configuration Default for project SearchPoint ****
make all 
make: *** No rule to make target `all'.  Stop.
