09:34:11 **** Incremental Build of configuration Default for project SearchPointCpp ****
make all 
# compile glib
make -C ../../../glib
make[1]: Entering directory `/home/lstopar/workspace/JSI/searchpoint/glib'
make -C ../libuv
make[2]: Entering directory `/home/lstopar/workspace/JSI/searchpoint/libuv'
make[2]: `libuv.a' is up to date.
make[2]: Leaving directory `/home/lstopar/workspace/JSI/searchpoint/libuv'
rm -f glib.a
ar -cvq glib.a thread.o base.o net.o mine.o nmobj.o htmlclean.o
a - thread.o
a - base.o
a - net.o
a - mine.o
a - nmobj.o
a - htmlclean.o
make[1]: Leaving directory `/home/lstopar/workspace/JSI/searchpoint/glib'
# compile cpp files
g++ -fPIC -c -std=c++0x -Wall -Wno-deprecated-declarations -g -rdynamic -DTHREADED_SRV *.cpp -I../../../glib/base/ -I../../../glib/net/ -I../../../glib/mine/ -I../../../glib/misc/ -I../../../glib/concurrent/ -I../../../libuv -fopenmp -lrt -luuid
# create aminer commandline tool
g++ -o SearchPointSrv SearchPoint.o SearchPointSrv.o ../../../glib/glib.a ../../../libuv/libuv.a -fopenmp -lrt -luuid 
# create search point static library
rm -f SearchPointSrv.a
# prepare instalation directory
mkdir -p build
# move in qm commandline tool
mv ./SearchPointSrv ./build/
# copy in unicode definiton files
cp ../../../glib/bin/UnicodeDef.Bin ./build/
# copy in javascript libraries

09:34:18 Build Finished (took 7s.396ms)

